2026-04-05 05:38:33,252 ERROR app: legacy_import_error: No module named 'legacy_apps'
2026-04-05 05:38:33,252 ERROR app: legacy_import_error: No module named 'legacy_apps'
2026-04-05 05:38:34,522 INFO werkzeug: [31m[1mWARNING: This is a development server. Do not use it in a production deployment. Use a production WSGI server instead.[0m
 * Running on all addresses (0.0.0.0)
 * Running on http://127.0.0.1:5914
 * Running on http://192.168.0.231:5914
2026-04-05 05:38:34,522 INFO werkzeug: [31m[1mWARNING: This is a development server. Do not use it in a production deployment. Use a production WSGI server instead.[0m
 * Running on all addresses (0.0.0.0)
 * Running on http://127.0.0.1:5914
 * Running on http://192.168.0.231:5914
2026-04-05 05:38:34,532 INFO werkzeug: [33mPress CTRL+C to quit[0m
2026-04-05 05:38:34,532 INFO werkzeug: [33mPress CTRL+C to quit[0m
2026-04-05 05:42:41,369 WARNING legacy_apps.cfe_auto.app: LOG_TEST: app.logger is working (startup)
2026-04-05 05:42:41,478 WARNING legacy_apps.cfe_auto.app: LOG_TEST: app.logger is working (startup)
2026-04-05 05:43:50,228 ERROR app: Exception on /auth/login [GET]
Traceback (most recent call last):
  File "C:\Servidor\iluminaras_suite_react\backend\.venv\Lib\site-packages\flask\app.py", line 1473, in wsgi_app
    response = self.full_dispatch_request()
  File "C:\Servidor\iluminaras_suite_react\backend\.venv\Lib\site-packages\flask\app.py", line 882, in full_dispatch_request
    rv = self.handle_user_exception(e)
  File "C:\Servidor\iluminaras_suite_react\backend\.venv\Lib\site-packages\flask\app.py", line 880, in full_dispatch_request
    rv = self.dispatch_request()
  File "C:\Servidor\iluminaras_suite_react\backend\.venv\Lib\site-packages\flask\app.py", line 865, in dispatch_request
    return self.ensure_sync(self.view_functions[rule.endpoint])(**view_args)  # type: ignore[no-any-return]
           ~~~~~~~~~~~~~~~~~~~~~~~~~~~~~~~~~~~~~~~~~~~~~~~~~~~~^^^^^^^^^^^^^
  File "C:\Servidor\iluminaras_suite_react\backend\app\blueprints\auth\routes.py", line 74, in login
    return render_template("auth/login.html")
  File "C:\Servidor\iluminaras_suite_react\backend\.venv\Lib\site-packages\flask\templating.py", line 149, in render_template
    template = app.jinja_env.get_or_select_template(template_name_or_list)
  File "C:\Servidor\iluminaras_suite_react\backend\.venv\Lib\site-packages\jinja2\environment.py", line 1084, in get_or_select_template
    return self.get_template(template_name_or_list, parent, globals)
           ~~~~~~~~~~~~~~~~~^^^^^^^^^^^^^^^^^^^^^^^^^^^^^^^^^^^^^^^^
  File "C:\Servidor\iluminaras_suite_react\backend\.venv\Lib\site-packages\jinja2\environment.py", line 1013, in get_template
    return self._load_template(name, globals)
           ~~~~~~~~~~~~~~~~~~~^^^^^^^^^^^^^^^
  File "C:\Servidor\iluminaras_suite_react\backend\.venv\Lib\site-packages\jinja2\environment.py", line 972, in _load_template
    template = self.loader.load(self, name, self.make_globals(globals))
  File "C:\Servidor\iluminaras_suite_react\backend\.venv\Lib\site-packages\jinja2\loaders.py", line 126, in load
    source, filename, uptodate = self.get_source(environment, name)
                                 ~~~~~~~~~~~~~~~^^^^^^^^^^^^^^^^^^^
  File "C:\Servidor\iluminaras_suite_react\backend\.venv\Lib\site-packages\flask\templating.py", line 65, in get_source
    return self._get_source_fast(environment, template)
           ~~~~~~~~~~~~~~~~~~~~~^^^^^^^^^^^^^^^^^^^^^^^
  File "C:\Servidor\iluminaras_suite_react\backend\.venv\Lib\site-packages\flask\templating.py", line 99, in _get_source_fast
    raise TemplateNotFound(template)
jinja2.exceptions.TemplateNotFound: auth/login.html
2026-04-05 05:43:50,228 ERROR app: Exception on /auth/login [GET]
Traceback (most recent call last):
  File "C:\Servidor\iluminaras_suite_react\backend\.venv\Lib\site-packages\flask\app.py", line 1473, in wsgi_app
    response = self.full_dispatch_request()
  File "C:\Servidor\iluminaras_suite_react\backend\.venv\Lib\site-packages\flask\app.py", line 882, in full_dispatch_request
    rv = self.handle_user_exception(e)
  File "C:\Servidor\iluminaras_suite_react\backend\.venv\Lib\site-packages\flask\app.py", line 880, in full_dispatch_request
    rv = self.dispatch_request()
  File "C:\Servidor\iluminaras_suite_react\backend\.venv\Lib\site-packages\flask\app.py", line 865, in dispatch_request
    return self.ensure_sync(self.view_functions[rule.endpoint])(**view_args)  # type: ignore[no-any-return]
           ~~~~~~~~~~~~~~~~~~~~~~~~~~~~~~~~~~~~~~~~~~~~~~~~~~~~^^^^^^^^^^^^^
  File "C:\Servidor\iluminaras_suite_react\backend\app\blueprints\auth\routes.py", line 74, in login
    return render_template("auth/login.html")
  File "C:\Servidor\iluminaras_suite_react\backend\.venv\Lib\site-packages\flask\templating.py", line 149, in render_template
    template = app.jinja_env.get_or_select_template(template_name_or_list)
  File "C:\Servidor\iluminaras_suite_react\backend\.venv\Lib\site-packages\jinja2\environment.py", line 1084, in get_or_select_template
    return self.get_template(template_name_or_list, parent, globals)
           ~~~~~~~~~~~~~~~~~^^^^^^^^^^^^^^^^^^^^^^^^^^^^^^^^^^^^^^^^
  File "C:\Servidor\iluminaras_suite_react\backend\.venv\Lib\site-packages\jinja2\environment.py", line 1013, in get_template
    return self._load_template(name, globals)
           ~~~~~~~~~~~~~~~~~~~^^^^^^^^^^^^^^^
  File "C:\Servidor\iluminaras_suite_react\backend\.venv\Lib\site-packages\jinja2\environment.py", line 972, in _load_template
    template = self.loader.load(self, name, self.make_globals(globals))
  File "C:\Servidor\iluminaras_suite_react\backend\.venv\Lib\site-packages\jinja2\loaders.py", line 126, in load
    source, filename, uptodate = self.get_source(environment, name)
                                 ~~~~~~~~~~~~~~~^^^^^^^^^^^^^^^^^^^
  File "C:\Servidor\iluminaras_suite_react\backend\.venv\Lib\site-packages\flask\templating.py", line 65, in get_source
    return self._get_source_fast(environment, template)
           ~~~~~~~~~~~~~~~~~~~~~^^^^^^^^^^^^^^^^^^^^^^^
  File "C:\Servidor\iluminaras_suite_react\backend\.venv\Lib\site-packages\flask\templating.py", line 99, in _get_source_fast
    raise TemplateNotFound(template)
jinja2.exceptions.TemplateNotFound: auth/login.html
2026-04-05 05:50:20,065 WARNING legacy_apps.cfe_auto.app: LOG_TEST: app.logger is working (startup)
2026-04-05 05:50:20,182 WARNING legacy_apps.cfe_auto.app: LOG_TEST: app.logger is working (startup)
2026-04-05 06:29:07,087 WARNING legacy_apps.cfe_auto.app: LOG_TEST: app.logger is working (startup)
2026-04-05 06:29:07,194 WARNING legacy_apps.cfe_auto.app: LOG_TEST: app.logger is working (startup)
2026-04-05 12:44:43,506 WARNING legacy_apps.cfe_auto.app: LOG_TEST: app.logger is working (startup)
2026-04-05 12:44:43,614 WARNING legacy_apps.cfe_auto.app: LOG_TEST: app.logger is working (startup)
2026-04-05 12:47:18,764 INFO app: label_ra_layout v2 qr_size_mm=34 code_base_fs=10
2026-04-05 12:47:18,764 INFO app: label_ra_layout v2 qr_size_mm=34 code_base_fs=10
2026-04-05 12:50:08,556 INFO app: label_ra_layout v2 qr_size_mm=34 code_base_fs=10
2026-04-05 12:50:08,556 INFO app: label_ra_layout v2 qr_size_mm=34 code_base_fs=10
2026-04-05 12:50:44,816 INFO app: label_ra_layout v2 qr_size_mm=34 code_base_fs=10
2026-04-05 12:50:44,816 INFO app: label_ra_layout v2 qr_size_mm=34 code_base_fs=10
2026-04-05 14:25:56,071 WARNING legacy_apps.cfe_auto.app: LOG_TEST: app.logger is working (startup)
2026-04-05 14:25:56,152 WARNING legacy_apps.cfe_auto.app: LOG_TEST: app.logger is working (startup)
2026-04-05 14:26:21,276 INFO access: rid=5fcc71c75c29 start GET /? ip=127.0.0.1 ua="Mozilla/5.0 (Windows NT 10.0; Win64; x64) AppleWebKit/537.36 (KHTML, like Gecko) Chrome/146.0.0.0 Safari/537.36"
2026-04-05 14:26:21,455 INFO access: rid=5fcc71c75c29 end status=200 ms=179 bytes=12920
2026-04-05 14:26:21,472 INFO access: rid=3b2d13094b56 start GET /static/logo.png? ip=127.0.0.1 ua="Mozilla/5.0 (Windows NT 10.0; Win64; x64) AppleWebKit/537.36 (KHTML, like Gecko) Chrome/146.0.0.0 Safari/537.36"
2026-04-05 14:26:21,486 INFO access: rid=3b2d13094b56 end status=200 ms=13 bytes=-
2026-04-05 14:27:53,708 INFO access: rid=2ba87219833b start GET /? ip=127.0.0.1 ua="Mozilla/5.0 (Windows NT 10.0; Win64; x64) AppleWebKit/537.36 (KHTML, like Gecko) Chrome/146.0.0.0 Safari/537.36"
2026-04-05 14:27:53,709 INFO access: rid=2ba87219833b end status=200 ms=0 bytes=12920
2026-04-05 14:27:53,741 INFO access: rid=aa784e62fa0d start GET /static/logo.png? ip=127.0.0.1 ua="Mozilla/5.0 (Windows NT 10.0; Win64; x64) AppleWebKit/537.36 (KHTML, like Gecko) Chrome/146.0.0.0 Safari/537.36"
2026-04-05 14:27:53,742 INFO access: rid=aa784e62fa0d end status=304 ms=1 bytes=-
2026-04-05 15:08:02,031 WARNING legacy_apps.cfe_auto.app: LOG_TEST: app.logger is working (startup)
2026-04-05 15:08:02,144 WARNING legacy_apps.cfe_auto.app: LOG_TEST: app.logger is working (startup)
2026-04-05 15:08:50,363 INFO app: label_ra_layout v2 qr_size_mm=34 code_base_fs=10
2026-04-05 15:08:50,363 INFO app: label_ra_layout v2 qr_size_mm=34 code_base_fs=10
2026-04-05 15:10:45,067 INFO app: label_ra_layout v2 qr_size_mm=34 code_base_fs=10
2026-04-05 15:10:45,067 INFO app: label_ra_layout v2 qr_size_mm=34 code_base_fs=10
2026-04-05 18:38:03,112 WARNING legacy_apps.cfe_auto.app: LOG_TEST: app.logger is working (startup)
2026-04-05 18:38:03,180 WARNING legacy_apps.cfe_auto.app: LOG_TEST: app.logger is working (startup)
2026-04-05 18:51:27,173 WARNING legacy_apps.cfe_auto.app: LOG_TEST: app.logger is working (startup)
2026-04-05 18:51:27,288 WARNING legacy_apps.cfe_auto.app: LOG_TEST: app.logger is working (startup)
2026-04-05 18:51:29,616 WARNING legacy_apps.cfe_auto.app: LOG_TEST: app.logger is working (startup)
2026-04-05 18:51:29,691 WARNING legacy_apps.cfe_auto.app: LOG_TEST: app.logger is working (startup)
2026-04-05 18:51:29,708 WARNING werkzeug:  * Debugger is active!
2026-04-05 18:51:29,708 WARNING werkzeug:  * Debugger is active!
2026-04-05 18:56:19,919 WARNING legacy_apps.cfe_auto.app: LOG_TEST: app.logger is working (startup)
2026-04-05 18:56:20,034 WARNING legacy_apps.cfe_auto.app: LOG_TEST: app.logger is working (startup)
2026-04-05 18:56:20,051 WARNING werkzeug:  * Debugger is active!
2026-04-05 18:56:20,051 WARNING werkzeug:  * Debugger is active!
2026-04-07 01:15:24,615 WARNING legacy_apps.cfe_auto.app: LOG_TEST: app.logger is working (startup)
2026-04-07 01:15:24,715 WARNING legacy_apps.cfe_auto.app: LOG_TEST: app.logger is working (startup)
2026-04-07 01:15:27,626 WARNING legacy_apps.cfe_auto.app: LOG_TEST: app.logger is working (startup)
2026-04-07 01:15:27,782 WARNING legacy_apps.cfe_auto.app: LOG_TEST: app.logger is working (startup)
2026-04-07 01:15:27,810 WARNING werkzeug:  * Debugger is active!
2026-04-07 01:15:27,810 WARNING werkzeug:  * Debugger is active!
