2026-04-05 00:14:57,879 INFO app pid=7220 label_ra_layout v2 qr_size_mm=34 code_base_fs=10
2026-04-05 00:15:06,929 INFO app pid=7220 label_ra_layout v2 qr_size_mm=34 code_base_fs=10
2026-04-05 05:42:41,369 WARNING legacy_apps.cfe_auto.app pid=19732 LOG_TEST: app.logger is working (startup)
2026-04-05 05:42:41,478 WARNING legacy_apps.cfe_auto.app pid=19732 LOG_TEST: app.logger is working (startup)
2026-04-05 05:43:50,228 ERROR app pid=19732 Exception on /auth/login [GET]
Traceback (most recent call last):
  File "C:\Servidor\iluminaras_suite_react\backend\.venv\Lib\site-packages\flask\app.py", line 1473, in wsgi_app
    response = self.full_dispatch_request()
  File "C:\Servidor\iluminaras_suite_react\backend\.venv\Lib\site-packages\flask\app.py", line 882, in full_dispatch_request
    rv = self.handle_user_exception(e)
  File "C:\Servidor\iluminaras_suite_react\backend\.venv\Lib\site-packages\flask\app.py", line 880, in full_dispatch_request
    rv = self.dispatch_request()
  File "C:\Servidor\iluminaras_suite_react\backend\.venv\Lib\site-packages\flask\app.py", line 865, in dispatch_request
    return self.ensure_sync(self.view_functions[rule.endpoint])(**view_args)  # type: ignore[no-any-return]
           ~~~~~~~~~~~~~~~~~~~~~~~~~~~~~~~~~~~~~~~~~~~~~~~~~~~~^^^^^^^^^^^^^
  File "C:\Servidor\iluminaras_suite_react\backend\app\blueprints\auth\routes.py", line 74, in login
    return render_template("auth/login.html")
  File "C:\Servidor\iluminaras_suite_react\backend\.venv\Lib\site-packages\flask\templating.py", line 149, in render_template
    template = app.jinja_env.get_or_select_template(template_name_or_list)
  File "C:\Servidor\iluminaras_suite_react\backend\.venv\Lib\site-packages\jinja2\environment.py", line 1084, in get_or_select_template
    return self.get_template(template_name_or_list, parent, globals)
           ~~~~~~~~~~~~~~~~~^^^^^^^^^^^^^^^^^^^^^^^^^^^^^^^^^^^^^^^^
  File "C:\Servidor\iluminaras_suite_react\backend\.venv\Lib\site-packages\jinja2\environment.py", line 1013, in get_template
    return self._load_template(name, globals)
           ~~~~~~~~~~~~~~~~~~~^^^^^^^^^^^^^^^
  File "C:\Servidor\iluminaras_suite_react\backend\.venv\Lib\site-packages\jinja2\environment.py", line 972, in _load_template
    template = self.loader.load(self, name, self.make_globals(globals))
  File "C:\Servidor\iluminaras_suite_react\backend\.venv\Lib\site-packages\jinja2\loaders.py", line 126, in load
    source, filename, uptodate = self.get_source(environment, name)
                                 ~~~~~~~~~~~~~~~^^^^^^^^^^^^^^^^^^^
  File "C:\Servidor\iluminaras_suite_react\backend\.venv\Lib\site-packages\flask\templating.py", line 65, in get_source
    return self._get_source_fast(environment, template)
           ~~~~~~~~~~~~~~~~~~~~~^^^^^^^^^^^^^^^^^^^^^^^
  File "C:\Servidor\iluminaras_suite_react\backend\.venv\Lib\site-packages\flask\templating.py", line 99, in _get_source_fast
    raise TemplateNotFound(template)
jinja2.exceptions.TemplateNotFound: auth/login.html
2026-04-05 05:50:20,065 WARNING legacy_apps.cfe_auto.app pid=14196 LOG_TEST: app.logger is working (startup)
2026-04-05 05:50:20,182 WARNING legacy_apps.cfe_auto.app pid=14196 LOG_TEST: app.logger is working (startup)
2026-04-05 06:29:07,087 WARNING legacy_apps.cfe_auto.app pid=21008 LOG_TEST: app.logger is working (startup)
2026-04-05 06:29:07,194 WARNING legacy_apps.cfe_auto.app pid=21008 LOG_TEST: app.logger is working (startup)
2026-04-05 12:44:43,506 WARNING legacy_apps.cfe_auto.app pid=23356 LOG_TEST: app.logger is working (startup)
2026-04-05 12:44:43,614 WARNING legacy_apps.cfe_auto.app pid=23356 LOG_TEST: app.logger is working (startup)
2026-04-05 12:47:18,764 INFO app pid=23356 label_ra_layout v2 qr_size_mm=34 code_base_fs=10
2026-04-05 12:50:08,556 INFO app pid=23356 label_ra_layout v2 qr_size_mm=34 code_base_fs=10
2026-04-05 12:50:44,816 INFO app pid=23356 label_ra_layout v2 qr_size_mm=34 code_base_fs=10
2026-04-05 14:25:56,071 WARNING legacy_apps.cfe_auto.app pid=22104 LOG_TEST: app.logger is working (startup)
2026-04-05 14:25:56,152 WARNING legacy_apps.cfe_auto.app pid=22104 LOG_TEST: app.logger is working (startup)
2026-04-05 14:26:21,276 INFO access pid=22104 rid=5fcc71c75c29 start GET /? ip=127.0.0.1 ua="Mozilla/5.0 (Windows NT 10.0; Win64; x64) AppleWebKit/537.36 (KHTML, like Gecko) Chrome/146.0.0.0 Safari/537.36"
2026-04-05 14:26:21,455 INFO access pid=22104 rid=5fcc71c75c29 end status=200 ms=179 bytes=12920
2026-04-05 14:26:21,472 INFO access pid=22104 rid=3b2d13094b56 start GET /static/logo.png? ip=127.0.0.1 ua="Mozilla/5.0 (Windows NT 10.0; Win64; x64) AppleWebKit/537.36 (KHTML, like Gecko) Chrome/146.0.0.0 Safari/537.36"
2026-04-05 14:26:21,486 INFO access pid=22104 rid=3b2d13094b56 end status=200 ms=13 bytes=-
2026-04-05 14:27:53,708 INFO access pid=22104 rid=2ba87219833b start GET /? ip=127.0.0.1 ua="Mozilla/5.0 (Windows NT 10.0; Win64; x64) AppleWebKit/537.36 (KHTML, like Gecko) Chrome/146.0.0.0 Safari/537.36"
2026-04-05 14:27:53,709 INFO access pid=22104 rid=2ba87219833b end status=200 ms=0 bytes=12920
2026-04-05 14:27:53,741 INFO access pid=22104 rid=aa784e62fa0d start GET /static/logo.png? ip=127.0.0.1 ua="Mozilla/5.0 (Windows NT 10.0; Win64; x64) AppleWebKit/537.36 (KHTML, like Gecko) Chrome/146.0.0.0 Safari/537.36"
2026-04-05 14:27:53,742 INFO access pid=22104 rid=aa784e62fa0d end status=304 ms=1 bytes=-
2026-04-05 15:08:02,031 WARNING legacy_apps.cfe_auto.app pid=18408 LOG_TEST: app.logger is working (startup)
2026-04-05 15:08:02,144 WARNING legacy_apps.cfe_auto.app pid=18408 LOG_TEST: app.logger is working (startup)
2026-04-05 15:08:50,363 INFO app pid=18408 label_ra_layout v2 qr_size_mm=34 code_base_fs=10
2026-04-05 15:10:45,067 INFO app pid=18408 label_ra_layout v2 qr_size_mm=34 code_base_fs=10
2026-04-05 18:38:03,112 WARNING legacy_apps.cfe_auto.app pid=17772 LOG_TEST: app.logger is working (startup)
2026-04-05 18:38:03,180 WARNING legacy_apps.cfe_auto.app pid=17772 LOG_TEST: app.logger is working (startup)
2026-04-05 18:51:27,173 WARNING legacy_apps.cfe_auto.app pid=21208 LOG_TEST: app.logger is working (startup)
2026-04-05 18:51:27,288 WARNING legacy_apps.cfe_auto.app pid=21208 LOG_TEST: app.logger is working (startup)
2026-04-05 18:51:29,616 WARNING legacy_apps.cfe_auto.app pid=3632 LOG_TEST: app.logger is working (startup)
2026-04-05 18:51:29,691 WARNING legacy_apps.cfe_auto.app pid=3632 LOG_TEST: app.logger is working (startup)
2026-04-05 18:51:29,708 WARNING werkzeug pid=3632  * Debugger is active!
2026-04-05 18:56:19,919 WARNING legacy_apps.cfe_auto.app pid=27320 LOG_TEST: app.logger is working (startup)
2026-04-05 18:56:20,034 WARNING legacy_apps.cfe_auto.app pid=27320 LOG_TEST: app.logger is working (startup)
2026-04-05 18:56:20,051 WARNING werkzeug pid=27320  * Debugger is active!
2026-04-07 01:15:24,615 WARNING legacy_apps.cfe_auto.app pid=13140 LOG_TEST: app.logger is working (startup)
2026-04-07 01:15:24,715 WARNING legacy_apps.cfe_auto.app pid=13140 LOG_TEST: app.logger is working (startup)
2026-04-07 01:15:27,626 WARNING legacy_apps.cfe_auto.app pid=23960 LOG_TEST: app.logger is working (startup)
2026-04-07 01:15:27,782 WARNING legacy_apps.cfe_auto.app pid=23960 LOG_TEST: app.logger is working (startup)
2026-04-07 01:15:27,810 WARNING werkzeug pid=23960  * Debugger is active!
2026-04-07 02:13:21,951 WARNING legacy_apps.cfe_auto.app pid=18252 LOG_TEST: app.logger is working (startup)
2026-04-07 02:13:22,019 WARNING legacy_apps.cfe_auto.app pid=18252 LOG_TEST: app.logger is working (startup)
2026-04-07 02:13:24,499 WARNING legacy_apps.cfe_auto.app pid=22104 LOG_TEST: app.logger is working (startup)
2026-04-07 02:13:24,589 WARNING legacy_apps.cfe_auto.app pid=22104 LOG_TEST: app.logger is working (startup)
2026-04-07 02:13:24,611 WARNING werkzeug pid=22104  * Debugger is active!
2026-04-07 02:13:56,612 ERROR app pid=22104 poll error attachment/257524: name 'wrap_text' is not defined
2026-04-07 02:13:56,824 ERROR app pid=22104 poll error attachment/257522: name 'wrap_text' is not defined
2026-04-07 02:13:57,049 ERROR app pid=22104 poll error attachment/257520: name 'wrap_text' is not defined
2026-04-07 02:13:57,271 ERROR app pid=22104 poll error attachment/257518: name 'wrap_text' is not defined
2026-04-07 02:13:57,496 ERROR app pid=22104 poll error attachment/257514: name 'wrap_text' is not defined
2026-04-07 02:13:57,725 ERROR app pid=22104 poll error attachment/257512: name 'wrap_text' is not defined
2026-04-07 02:13:57,949 ERROR app pid=22104 poll error attachment/257508: name 'wrap_text' is not defined
2026-04-07 02:13:58,171 ERROR app pid=22104 poll error attachment/257506: name 'wrap_text' is not defined
2026-04-07 02:13:58,409 ERROR app pid=22104 poll error attachment/257504: name 'wrap_text' is not defined
2026-04-07 02:13:58,626 ERROR app pid=22104 poll error attachment/257502: name 'wrap_text' is not defined
2026-04-07 02:15:17,418 ERROR app pid=22104 poll error attachment/257524: name 'wrap_text' is not defined
2026-04-07 02:15:17,641 ERROR app pid=22104 poll error attachment/257522: name 'wrap_text' is not defined
2026-04-07 02:15:19,224 ERROR app pid=22104 poll error attachment/257520: name 'wrap_text' is not defined
2026-04-07 02:15:20,803 ERROR app pid=22104 poll error attachment/257518: name 'wrap_text' is not defined
2026-04-07 02:15:24,118 ERROR app pid=22104 poll error attachment/257514: name 'wrap_text' is not defined
2026-04-07 02:15:25,979 ERROR app pid=22104 poll error attachment/257512: name 'wrap_text' is not defined
2026-04-07 02:15:27,608 ERROR app pid=22104 poll error attachment/257508: name 'wrap_text' is not defined
2026-04-07 02:15:29,240 ERROR app pid=22104 poll error attachment/257506: name 'wrap_text' is not defined
2026-04-07 02:15:30,877 ERROR app pid=22104 poll error attachment/257504: name 'wrap_text' is not defined
2026-04-07 02:15:32,764 ERROR app pid=22104 poll error attachment/257502: name 'wrap_text' is not defined
2026-04-07 02:45:06,085 WARNING legacy_apps.cfe_auto.app pid=14736 LOG_TEST: app.logger is working (startup)
2026-04-07 02:45:06,175 WARNING legacy_apps.cfe_auto.app pid=14736 LOG_TEST: app.logger is working (startup)
2026-04-07 02:45:06,203 WARNING werkzeug pid=14736  * Debugger is active!
2026-04-07 02:45:22,985 WARNING legacy_apps.cfe_auto.app pid=7928 LOG_TEST: app.logger is working (startup)
2026-04-07 02:45:23,066 WARNING legacy_apps.cfe_auto.app pid=7928 LOG_TEST: app.logger is working (startup)
2026-04-07 02:45:25,573 WARNING legacy_apps.cfe_auto.app pid=26904 LOG_TEST: app.logger is working (startup)
2026-04-07 02:45:25,649 WARNING legacy_apps.cfe_auto.app pid=26904 LOG_TEST: app.logger is working (startup)
2026-04-07 02:45:25,667 WARNING werkzeug pid=26904  * Debugger is active!
2026-04-07 02:47:23,305 WARNING legacy_apps.cfe_auto.app pid=28364 LOG_TEST: app.logger is working (startup)
2026-04-07 02:47:23,460 WARNING legacy_apps.cfe_auto.app pid=28364 LOG_TEST: app.logger is working (startup)
2026-04-07 02:47:26,401 WARNING legacy_apps.cfe_auto.app pid=18724 LOG_TEST: app.logger is working (startup)
2026-04-07 02:47:26,520 WARNING legacy_apps.cfe_auto.app pid=18724 LOG_TEST: app.logger is working (startup)
2026-04-07 02:47:26,541 WARNING werkzeug pid=18724  * Debugger is active!
2026-04-07 02:48:06,515 WARNING legacy_apps.cfe_auto.app pid=18408 LOG_TEST: app.logger is working (startup)
2026-04-07 02:48:06,628 WARNING legacy_apps.cfe_auto.app pid=18408 LOG_TEST: app.logger is working (startup)
2026-04-07 02:48:09,413 WARNING legacy_apps.cfe_auto.app pid=7544 LOG_TEST: app.logger is working (startup)
2026-04-07 02:48:09,532 WARNING legacy_apps.cfe_auto.app pid=7544 LOG_TEST: app.logger is working (startup)
2026-04-07 02:48:09,550 WARNING werkzeug pid=7544  * Debugger is active!
2026-04-07 03:00:51,919 WARNING legacy_apps.cfe_auto.app pid=21672 LOG_TEST: app.logger is working (startup)
2026-04-07 03:00:51,998 WARNING legacy_apps.cfe_auto.app pid=21672 LOG_TEST: app.logger is working (startup)
2026-04-07 03:00:52,019 WARNING werkzeug pid=21672  * Debugger is active!
2026-04-07 03:02:42,236 WARNING legacy_apps.cfe_auto.app pid=23376 LOG_TEST: app.logger is working (startup)
2026-04-07 03:02:42,354 WARNING legacy_apps.cfe_auto.app pid=23376 LOG_TEST: app.logger is working (startup)
2026-04-07 03:02:45,285 WARNING legacy_apps.cfe_auto.app pid=20692 LOG_TEST: app.logger is working (startup)
2026-04-07 03:02:45,401 WARNING legacy_apps.cfe_auto.app pid=20692 LOG_TEST: app.logger is working (startup)
2026-04-07 03:02:45,423 WARNING werkzeug pid=20692  * Debugger is active!
2026-04-07 03:03:24,396 WARNING legacy_apps.cfe_auto.app pid=22332 LOG_TEST: app.logger is working (startup)
2026-04-07 03:03:24,514 WARNING legacy_apps.cfe_auto.app pid=22332 LOG_TEST: app.logger is working (startup)
2026-04-07 03:03:24,537 WARNING werkzeug pid=22332  * Debugger is active!
2026-04-07 03:04:01,985 WARNING legacy_apps.cfe_auto.app pid=18340 LOG_TEST: app.logger is working (startup)
2026-04-07 03:04:02,059 WARNING legacy_apps.cfe_auto.app pid=18340 LOG_TEST: app.logger is working (startup)
2026-04-07 03:04:27,031 WARNING legacy_apps.cfe_auto.app pid=29348 LOG_TEST: app.logger is working (startup)
2026-04-07 03:04:27,120 WARNING legacy_apps.cfe_auto.app pid=29348 LOG_TEST: app.logger is working (startup)
2026-04-07 03:11:54,930 WARNING legacy_apps.cfe_auto.app pid=27756 LOG_TEST: app.logger is working (startup)
